<?xml version="1.0" encoding="UTF-8" ?>
<testsuite tests="17" failures="0" name="no.ntnu.jorgfi.algorithm.TestEncoder" time="0.008" errors="0" skipped="0">
  <properties>
    <property name="java.runtime.name" value="OpenJDK Runtime Environment"/>
    <property name="java.vm.version" value="17.0.4.1+1"/>
    <property name="sun.boot.library.path" value="/Library/Java/JavaVirtualMachines/temurin-17.jdk/Contents/Home/lib"/>
    <property name="maven.multiModuleProjectDirectory" value="/Users/jorgenfinsveen/Documents/Dokumenter  Joergens MacBook Pro/NTNU Aalesund/Essential_concepts/Algorithms/Other_algorithms/BinaryEncodingDecoding"/>
    <property name="java.vm.vendor" value="Eclipse Adoptium"/>
    <property name="java.vendor.url" value="https://adoptium.net/"/>
    <property name="guice.disable.misplaced.annotation.check" value="true"/>
    <property name="path.separator" value=":"/>
    <property name="java.vm.name" value="OpenJDK 64-Bit Server VM"/>
    <property name="user.country" value="NO"/>
    <property name="sun.java.launcher" value="SUN_STANDARD"/>
    <property name="java.vm.specification.name" value="Java Virtual Machine Specification"/>
    <property name="user.dir" value="/Users/jorgenfinsveen/Documents/Dokumenter  Joergens MacBook Pro/NTNU Aalesund/Essential_concepts"/>
    <property name="java.vm.compressedOopsMode" value="Zero based"/>
    <property name="java.runtime.version" value="17.0.4.1+1"/>
    <property name="os.arch" value="aarch64"/>
    <property name="java.io.tmpdir" value="/var/folders/5n/vphyj9kn0hx8g4xw7066pvh40000gn/T/"/>
    <property name="line.separator" value="
"/>
    <property name="java.vm.specification.vendor" value="Oracle Corporation"/>
    <property name="os.name" value="Mac OS X"/>
    <property name="classworlds.conf" value="/opt/homebrew/Cellar/maven/3.8.6/libexec/bin/m2.conf"/>
    <property name="sun.jnu.encoding" value="UTF-8"/>
    <property name="java.library.path" value="/Users/jorgenfinsveen/Library/Java/Extensions:/Library/Java/Extensions:/Network/Library/Java/Extensions:/System/Library/Java/Extensions:/usr/lib/java:."/>
    <property name="maven.conf" value="/opt/homebrew/Cellar/maven/3.8.6/libexec/conf"/>
    <property name="jdk.debug" value="release"/>
    <property name="java.class.version" value="61.0"/>
    <property name="java.specification.name" value="Java Platform API Specification"/>
    <property name="sun.management.compiler" value="HotSpot 64-Bit Tiered Compilers"/>
    <property name="os.version" value="12.5.1"/>
    <property name="library.jansi.path" value="/opt/homebrew/Cellar/maven/3.8.6/libexec/lib/jansi-native"/>
    <property name="http.nonProxyHosts" value="local|*.local|169.254/16|*.169.254/16"/>
    <property name="user.home" value="/Users/jorgenfinsveen"/>
    <property name="user.timezone" value="Europe/Oslo"/>
    <property name="file.encoding" value="US-ASCII"/>
    <property name="java.specification.version" value="17"/>
    <property name="user.name" value="jorgenfinsveen"/>
    <property name="java.class.path" value="/opt/homebrew/Cellar/maven/3.8.6/libexec/boot/plexus-classworlds-2.6.0.jar"/>
    <property name="java.vm.specification.version" value="17"/>
    <property name="sun.arch.data.model" value="64"/>
    <property name="sun.java.command" value="org.codehaus.plexus.classworlds.launcher.Launcher test -f /Users/jorgenfinsveen/Documents/Dokumenter  Joergens MacBook Pro/NTNU Aalesund/Essential_concepts/Algorithms/Other_algorithms/BinaryEncodingDecoding/pom.xml"/>
    <property name="java.home" value="/Library/Java/JavaVirtualMachines/temurin-17.jdk/Contents/Home"/>
    <property name="user.language" value="nb"/>
    <property name="java.specification.vendor" value="Oracle Corporation"/>
    <property name="java.vm.info" value="mixed mode"/>
    <property name="java.version" value="17.0.4.1"/>
    <property name="native.encoding" value="US-ASCII"/>
    <property name="java.vendor" value="Eclipse Adoptium"/>
    <property name="sun.stderr.encoding" value="US-ASCII"/>
    <property name="maven.home" value="/opt/homebrew/Cellar/maven/3.8.6/libexec"/>
    <property name="file.separator" value="/"/>
    <property name="java.version.date" value="2022-08-12"/>
    <property name="java.vendor.url.bug" value="https://github.com/adoptium/adoptium-support/issues"/>
    <property name="sun.io.unicode.encoding" value="UnicodeBig"/>
    <property name="sun.cpu.endian" value="little"/>
    <property name="java.vendor.version" value="Temurin-17.0.4.1+1"/>
    <property name="sun.stdout.encoding" value="US-ASCII"/>
    <property name="socksNonProxyHosts" value="local|*.local|169.254/16|*.169.254/16"/>
    <property name="ftp.nonProxyHosts" value="local|*.local|169.254/16|*.169.254/16"/>
  </properties>
  <testcase classname="no.ntnu.jorgfi.algorithm.TestEncoder" name="testUpperLowerDecode" time="0.002"/>
  <testcase classname="no.ntnu.jorgfi.algorithm.TestEncoder" name="testInvalidCharacterDecode" time="0"/>
  <testcase classname="no.ntnu.jorgfi.algorithm.TestEncoder" name="testUpperLowerEncode" time="0.004"/>
  <testcase classname="no.ntnu.jorgfi.algorithm.TestEncoder" name="testLowercaseEncode" time="0"/>
  <testcase classname="no.ntnu.jorgfi.algorithm.TestEncoder" name="testInvalidBitCountDecode" time="0"/>
  <testcase classname="no.ntnu.jorgfi.algorithm.TestEncoder" name="testAllAllowedDecode" time="0.001"/>
  <testcase classname="no.ntnu.jorgfi.algorithm.TestEncoder" name="testAllAllowedEncode" time="0"/>
  <testcase classname="no.ntnu.jorgfi.algorithm.TestEncoder" name="testEmptyDecode" time="0"/>
  <testcase classname="no.ntnu.jorgfi.algorithm.TestEncoder" name="testEmptyEncode" time="0"/>
  <testcase classname="no.ntnu.jorgfi.algorithm.TestEncoder" name="testInvalidSeparatorDecode" time="0"/>
  <testcase classname="no.ntnu.jorgfi.algorithm.TestEncoder" name="testInvalidBitValueDecode" time="0"/>
  <testcase classname="no.ntnu.jorgfi.algorithm.TestEncoder" name="testInvalidBitBlockLengthDecode" time="0"/>
  <testcase classname="no.ntnu.jorgfi.algorithm.TestEncoder" name="testNullDecode" time="0"/>
  <testcase classname="no.ntnu.jorgfi.algorithm.TestEncoder" name="testNullEncode" time="0"/>
  <testcase classname="no.ntnu.jorgfi.algorithm.TestEncoder" name="testUppercaseEncode" time="0"/>
  <testcase classname="no.ntnu.jorgfi.algorithm.TestEncoder" name="testInvalidSingleBitDecode" time="0.001"/>
  <testcase classname="no.ntnu.jorgfi.algorithm.TestEncoder" name="testInvalidInputEncode" time="0"/>
</testsuite>