<?xml version="1.0" encoding="UTF-8"?>
<testsuite xmlns:xsi="http://www.w3.org/2001/XMLSchema-instance" xsi:noNamespaceSchemaLocation="https://maven.apache.org/surefire/maven-surefire-plugin/xsd/surefire-test-report.xsd" name="no.ntnu.idata2302.lab03.RecursiveListTest" time="0" tests="13" errors="0" skipped="0" failures="0">
  <properties>
    <property name="java.specification.version" value="17"/>
    <property name="sun.jnu.encoding" value="UTF-8"/>
    <property name="java.class.path" value="/Users/jorgenfinsveen/Documents/Dokumenter  Joergens MacBook Pro/NTNU Aalesund/Essential_concepts/Data_structures/linkedlist_single_link/target/test-classes:/Users/jorgenfinsveen/Documents/Dokumenter  Joergens MacBook Pro/NTNU Aalesund/Essential_concepts/Data_structures/linkedlist_single_link/target/classes:/Users/jorgenfinsveen/.m2/repository/junit/junit/4.13/junit-4.13.jar:/Users/jorgenfinsveen/.m2/repository/org/hamcrest/hamcrest-core/1.3/hamcrest-core-1.3.jar:"/>
    <property name="java.vm.vendor" value="Eclipse Adoptium"/>
    <property name="sun.arch.data.model" value="64"/>
    <property name="java.vendor.url" value="https://adoptium.net/"/>
    <property name="os.name" value="Mac OS X"/>
    <property name="java.vm.specification.version" value="17"/>
    <property name="sun.java.launcher" value="SUN_STANDARD"/>
    <property name="user.country" value="NO"/>
    <property name="sun.boot.library.path" value="/Library/Java/JavaVirtualMachines/temurin-17.jdk/Contents/Home/lib"/>
    <property name="sun.java.command" value="/Users/jorgenfinsveen/Documents/Dokumenter  Joergens MacBook Pro/NTNU Aalesund/Essential_concepts/Data_structures/linkedlist_single_link/target/surefire/surefirebooter1774999430543598049.jar /Users/jorgenfinsveen/Documents/Dokumenter  Joergens MacBook Pro/NTNU Aalesund/Essential_concepts/Data_structures/linkedlist_single_link/target/surefire 2022-09-21T22-52-01_979-jvmRun1 surefire17252606622163025281tmp surefire_09707039234201833223tmp"/>
    <property name="http.nonProxyHosts" value="local|*.local|169.254/16|*.169.254/16"/>
    <property name="jdk.debug" value="release"/>
    <property name="surefire.test.class.path" value="/Users/jorgenfinsveen/Documents/Dokumenter  Joergens MacBook Pro/NTNU Aalesund/Essential_concepts/Data_structures/linkedlist_single_link/target/test-classes:/Users/jorgenfinsveen/Documents/Dokumenter  Joergens MacBook Pro/NTNU Aalesund/Essential_concepts/Data_structures/linkedlist_single_link/target/classes:/Users/jorgenfinsveen/.m2/repository/junit/junit/4.13/junit-4.13.jar:/Users/jorgenfinsveen/.m2/repository/org/hamcrest/hamcrest-core/1.3/hamcrest-core-1.3.jar:"/>
    <property name="sun.cpu.endian" value="little"/>
    <property name="user.home" value="/Users/jorgenfinsveen"/>
    <property name="user.language" value="nb"/>
    <property name="java.specification.vendor" value="Oracle Corporation"/>
    <property name="java.version.date" value="2022-08-12"/>
    <property name="java.home" value="/Library/Java/JavaVirtualMachines/temurin-17.jdk/Contents/Home"/>
    <property name="file.separator" value="/"/>
    <property name="basedir" value="/Users/jorgenfinsveen/Documents/Dokumenter  Joergens MacBook Pro/NTNU Aalesund/Essential_concepts/Data_structures/linkedlist_single_link"/>
    <property name="java.vm.compressedOopsMode" value="Zero based"/>
    <property name="line.separator" value="&#10;"/>
    <property name="java.specification.name" value="Java Platform API Specification"/>
    <property name="java.vm.specification.vendor" value="Oracle Corporation"/>
    <property name="surefire.real.class.path" value="/Users/jorgenfinsveen/Documents/Dokumenter  Joergens MacBook Pro/NTNU Aalesund/Essential_concepts/Data_structures/linkedlist_single_link/target/surefire/surefirebooter1774999430543598049.jar"/>
    <property name="sun.management.compiler" value="HotSpot 64-Bit Tiered Compilers"/>
    <property name="ftp.nonProxyHosts" value="local|*.local|169.254/16|*.169.254/16"/>
    <property name="java.runtime.version" value="17.0.4.1+1"/>
    <property name="user.name" value="jorgenfinsveen"/>
    <property name="path.separator" value=":"/>
    <property name="os.version" value="12.5.1"/>
    <property name="java.runtime.name" value="OpenJDK Runtime Environment"/>
    <property name="file.encoding" value="US-ASCII"/>
    <property name="java.vm.name" value="OpenJDK 64-Bit Server VM"/>
    <property name="java.vendor.version" value="Temurin-17.0.4.1+1"/>
    <property name="localRepository" value="/Users/jorgenfinsveen/.m2/repository"/>
    <property name="java.vendor.url.bug" value="https://github.com/adoptium/adoptium-support/issues"/>
    <property name="java.io.tmpdir" value="/var/folders/5n/vphyj9kn0hx8g4xw7066pvh40000gn/T/"/>
    <property name="java.version" value="17.0.4.1"/>
    <property name="user.dir" value="/Users/jorgenfinsveen/Documents/Dokumenter  Joergens MacBook Pro/NTNU Aalesund/Essential_concepts/Data_structures/linkedlist_single_link"/>
    <property name="os.arch" value="aarch64"/>
    <property name="java.vm.specification.name" value="Java Virtual Machine Specification"/>
    <property name="native.encoding" value="US-ASCII"/>
    <property name="java.library.path" value="/Users/jorgenfinsveen/Library/Java/Extensions:/Library/Java/Extensions:/Network/Library/Java/Extensions:/System/Library/Java/Extensions:/usr/lib/java:."/>
    <property name="java.vm.info" value="mixed mode"/>
    <property name="java.vendor" value="Eclipse Adoptium"/>
    <property name="java.vm.version" value="17.0.4.1+1"/>
    <property name="sun.io.unicode.encoding" value="UnicodeBig"/>
    <property name="socksNonProxyHosts" value="local|*.local|169.254/16|*.169.254/16"/>
    <property name="java.class.version" value="61.0"/>
  </properties>
  <testcase name="appendAddsAnItemAtTheBack" classname="no.ntnu.idata2302.lab03.RecursiveListTest" time="0"/>
  <testcase name="searchReturnsZeroWhenNotFound" classname="no.ntnu.idata2302.lab03.RecursiveListTest" time="0"/>
  <testcase name="getRejectsIndexBeyondLength" classname="no.ntnu.idata2302.lab03.RecursiveListTest" time="0"/>
  <testcase name="insertShiftsOnlySubsequentItemsTowardsTheEnd" classname="no.ntnu.idata2302.lab03.RecursiveListTest" time="0"/>
  <testcase name="getRejectsZeroIndex" classname="no.ntnu.idata2302.lab03.RecursiveListTest" time="0"/>
  <testcase name="emptySequenceHasLengthZero" classname="no.ntnu.idata2302.lab03.RecursiveListTest" time="0"/>
  <testcase name="setUpdateItemByIndex" classname="no.ntnu.idata2302.lab03.RecursiveListTest" time="0"/>
  <testcase name="appendingFromScratchShouldBuildaList" classname="no.ntnu.idata2302.lab03.RecursiveListTest" time="0"/>
  <testcase name="removeShiftsOnlySubsequentItemsTowardsTheFront" classname="no.ntnu.idata2302.lab03.RecursiveListTest" time="0"/>
  <testcase name="prependingFromScratchShouldReverseTheList" classname="no.ntnu.idata2302.lab03.RecursiveListTest" time="0"/>
  <testcase name="insertIncreaseLengthByOne" classname="no.ntnu.idata2302.lab03.RecursiveListTest" time="0"/>
  <testcase name="searchReturnsAnIndexWhereItemIs" classname="no.ntnu.idata2302.lab03.RecursiveListTest" time="0"/>
  <testcase name="getReturnsTheItemAtIndex" classname="no.ntnu.idata2302.lab03.RecursiveListTest" time="0"/>
</testsuite>